C51 COMPILER V9.60.0.0   APP                                                               01/28/2021 21:35:57 PAGE 1   


C51 COMPILER V9.60.0.0, COMPILATION OF MODULE APP
OBJECT MODULE PLACED IN ..\output\app.obj
COMPILER INVOKED BY: D:\app\keil\C51\BIN\C51.EXE ..\files\app.c OPTIMIZE(8,SPEED) BROWSE DEBUG OBJECTEXTEND PRINT(.\List
                    -ings\app.lst) TABS(2) OBJECT(..\output\app.obj)

line level    source

   1          #include "config.h"
   2          #include "main.h"
   3          #include "hcsr04.h"
   4          #include "iic.h"
   5          #include "led.h"
   6          #include "key.h"
   7          #include "dac.h"
   8          #include "smg.h"
   9          #include "app.h"
  10          
  11          void key_s2() {
  12   1        if(staSystem == INIT) { //进入测距界面并测一个
  13   2          staSystem = MEASURE;
  14   2          surface[0] = 16;
  15   2          get_distance();
  16   2          
  17   2          write24c02(addr, dis);
  18   2          if(addr == 113) addr = 110;
  19   2          else addr++;
  20   2          
  21   2          surface[5] = 14; surface[6] = 14; surface[7] = 14;
  22   2        }
  23   1        
  24   1        else if(staSystem == MEASURE) { //测量下一个
  25   2          get_distance();
  26   2          
  27   2          write24c02(addr, dis);
  28   2          if(addr == 113) addr = 110;
  29   2          else addr++;
  30   2        }
  31   1      }
  32          
  33          
  34          void key_s3()  {
  35   1        if(staSystem == MEASURE) {
  36   2          staSystem = MEMORY;
  37   2          memory_dis = 1;
  38   2        }
  39   1        
  40   1        else if(staSystem == MEMORY) { //回到测量界面
  41   2          staSystem = MEASURE;
  42   2          surface[5] = read24c02(addr)/100%10; surface[6] = read24c02(addr)/10%10; surface[7] = read24c02(addr)%10
             -;
  43   2        }
  44   1      }
  45          
  46          
  47          void key_s4() {
  48   1        if(staSystem != SETTING) { //切换到设置页面
  49   2          staSystem = SETTING;
  50   2          surface[0] = 17;
  51   2          surface[1] = 14; surface[2] = 14; surface[3] = 14; surface[4] = 14; surface[5] = 14; surface[6] = 14; su
             -rface[7] = 0;
  52   2          setting = read24c02(114); //初始化setting为上一次的保存值
C51 COMPILER V9.60.0.0   APP                                                               01/28/2021 21:35:57 PAGE 2   

  53   2          //write24c02(114, 0);
  54   2        }
  55   1        
  56   1        else if(staSystem == SETTING) { //保存设置，切换回测距显示页面
  57   2          write24c02(114, setting);
  58   2          surface[5] = read24c02(addr)/100%10; surface[6] = read24c02(addr)/10%10; surface[7] = read24c02(addr)%10
             -;
  59   2          staSystem = MEASURE;
  60   2        }
  61   1        
  62   1      }
  63          
  64          
  65          void key_s5() {
  66   1        if(staSystem == MEMORY) {
  67   2          memory_dis++;
  68   2          if(memory_dis == 5) memory_dis = 1;
  69   2        }
  70   1        
  71   1        if(staSystem == SETTING) {
  72   2          setting += 10;
  73   2          if(setting == 40) setting = 0;
  74   2        }
  75   1      }
  76          
  77          
  78          /*按键驱动*/
  79          void KeyAction(uint8 keycode)
  80          {
  81   1        switch (keycode)
  82   1        {
  83   2          case 0x0d: key_s2(); break; 
  84   2          case 0x26: key_s3(); break; 
  85   2          case 0x28: key_s4(); break; 
  86   2          case 0x1b: key_s5(); break; 
  87   2          default: break;
  88   2        }
  89   1      }


MODULE INFORMATION:   STATIC OVERLAYABLE
   CODE SIZE        =    319    ----
   CONSTANT SIZE    =   ----    ----
   XDATA SIZE       =   ----    ----
   PDATA SIZE       =   ----    ----
   DATA SIZE        =   ----    ----
   IDATA SIZE       =   ----    ----
   BIT SIZE         =   ----    ----
END OF MODULE INFORMATION.


C51 COMPILATION COMPLETE.  0 WARNING(S),  0 ERROR(S)
