C51 COMPILER V9.60.0.0   MAIN                                                              01/28/2021 21:35:56 PAGE 1   


C51 COMPILER V9.60.0.0, COMPILATION OF MODULE MAIN
OBJECT MODULE PLACED IN ..\output\main.obj
COMPILER INVOKED BY: D:\app\keil\C51\BIN\C51.EXE ..\files\main.c OPTIMIZE(8,SPEED) BROWSE DEBUG OBJECTEXTEND PRINT(.\Lis
                    -tings\main.lst) TABS(2) OBJECT(..\output\main.obj)

line level    source

   1          #define _MAIN_C
   2          #include "config.h"
   3          #include "main.h"
   4          #include "hcsr04.h"
   5          #include "iic.h"
   6          #include "led.h"
   7          #include "key.h"
   8          #include "dac.h"
   9          #include "smg.h"
  10          #include "app.h"
  11          
  12          
  13          
  14          enum eStaSystem staSystem = INIT; //系统运行状态
  15          
  16          
  17          uchar surface[8] = {16, 14, 14, 14, 14, 14, 14, 14};//显示数组
  18          
  19          
  20          uchar addr = 110; //存储24c02地址
  21          uchar dis = 0;
  22          uchar memory_dis; //查询索引
  23          uchar setting;
  24          
  25          
  26          
  27          void main()
  28          {
  29   1        Init_Timer1(); //定时器中断0初始化
  30   1        init();
  31   1        init24c02();
  32   1        while(1) {
  33   2          KeyDriver(); //扫描独立键盘
  34   2          
  35   2          if(staSystem == INIT) {
  36   3            surface[0] = 16; surface[1] = 14; surface[2] = 14; surface[3] = 14; surface[4] = 14; surface[5] = 14; s
             -urface[6] = 14; surface[7] = 14;
  37   3          }
  38   2          
  39   2          if(staSystem == MEASURE) {
  40   3            surface[0] = 16;
  41   3          }
  42   2          
  43   2          if(staSystem == MEMORY) {
  44   3            surface[0] = memory_dis;
  45   3            surface[1] = 14; surface[2] = 14; surface[3] = 14; surface[4] = 14;     
  46   3            surface[5] = read24c02(memory_dis + 109)/100%10;
  47   3            surface[6] = read24c02(memory_dis + 109)/10%10;
  48   3            surface[7] = read24c02(memory_dis + 109)%10;
  49   3          }
  50   2          
  51   2          if(staSystem == SETTING) {
  52   3            surface[6] = setting/10;
  53   3            surface[7] = 0;
C51 COMPILER V9.60.0.0   MAIN                                                              01/28/2021 21:35:56 PAGE 2   

  54   3          }
  55   2          
  56   2          if(read24c02(addr) <= setting) {
  57   3            
  58   3          }
  59   2          else {
  60   3            
  61   3          }
  62   2          
  63   2        }
  64   1        
  65   1        
  66   1      }
  67          
  68          
  69          
  70          void Init_Timer1() {
  71   1        EA = 1;
  72   1        TMOD = 0x10;
  73   1        TH1 = 0xfc; //加载初值1ms
  74   1        TL1 = 0x66;
  75   1        ET1 = 1;
  76   1        TR1 = 1;
  77   1      }
  78          /*定时器0用于测距*/
  79          /*定时器1用于扫描*/
  80          void timer1() interrupt 3 //用于数码管扫描以及按键扫描
  81          {
  82   1        static uchar flags;
  83   1        TH1 = 0xfc; //重新加载初值1ms
  84   1        TL1 = 0x66;
  85   1        /*数码管*/  
  86   1        flags++;
  87   1        if(flags == 2) {
  88   2          flags = 0;
  89   2          display(surface[0], surface[1], surface[2], surface[3], surface[4], surface[5], surface[6], surface[7]);
  90   2        }
  91   1        KeyScan();
  92   1      }


MODULE INFORMATION:   STATIC OVERLAYABLE
   CODE SIZE        =    273    ----
   CONSTANT SIZE    =   ----    ----
   XDATA SIZE       =   ----    ----
   PDATA SIZE       =   ----    ----
   DATA SIZE        =     14    ----
   IDATA SIZE       =   ----    ----
   BIT SIZE         =   ----    ----
END OF MODULE INFORMATION.


C51 COMPILATION COMPLETE.  0 WARNING(S),  0 ERROR(S)
